<?xml version="1.0" encoding="UTF-8"?>
<coverage generated="1618478587818" clover="3.2.0">
  <project timestamp="1618478587818" name="All files">
    <metrics statements="15" coveredstatements="10" conditionals="0" coveredconditionals="0" methods="6" coveredmethods="4" elements="21" coveredelements="14" complexity="0" loc="15" ncloc="15" packages="1" files="5" classes="5"/>
    <file name="add_and_multiply.js" path="/Users/cameronharris/Documents/personal_dev/testing/src/add_and_multiply.js">
      <metrics statements="4" coveredstatements="4" conditionals="0" coveredconditionals="0" methods="1" coveredmethods="1"/>
      <line num="1" count="1" type="stmt"/>
      <line num="2" count="1" type="stmt"/>
      <line num="4" count="1" type="stmt"/>
      <line num="5" count="1" type="stmt"/>
    </file>
    <file name="addition.js" path="/Users/cameronharris/Documents/personal_dev/testing/src/addition.js">
      <metrics statements="2" coveredstatements="2" conditionals="0" coveredconditionals="0" methods="1" coveredmethods="1"/>
      <line num="1" count="2" type="stmt"/>
      <line num="2" count="4" type="stmt"/>
    </file>
    <file name="hoisting.js" path="/Users/cameronharris/Documents/personal_dev/testing/src/hoisting.js">
      <metrics statements="5" coveredstatements="0" conditionals="0" coveredconditionals="0" methods="2" coveredmethods="0"/>
      <line num="1" count="0" type="stmt"/>
      <line num="3" count="0" type="stmt"/>
      <line num="4" count="0" type="stmt"/>
      <line num="7" count="0" type="stmt"/>
      <line num="10" count="0" type="stmt"/>
    </file>
    <file name="multiplication.js" path="/Users/cameronharris/Documents/personal_dev/testing/src/multiplication.js">
      <metrics statements="2" coveredstatements="2" conditionals="0" coveredconditionals="0" methods="1" coveredmethods="1"/>
      <line num="1" count="1" type="stmt"/>
      <line num="2" count="2" type="stmt"/>
    </file>
    <file name="subtraction.js" path="/Users/cameronharris/Documents/personal_dev/testing/src/subtraction.js">
      <metrics statements="2" coveredstatements="2" conditionals="0" coveredconditionals="0" methods="1" coveredmethods="1"/>
      <line num="1" count="1" type="stmt"/>
      <line num="2" count="1" type="stmt"/>
    </file>
  </project>
</coverage>
